<?xml version="1.0" encoding="UTF-8"?>
<!-- Generated by org.testng.reporters.JUnitXMLReporter -->
<testsuite hostname="DESKTOP-NK5J02L" failures="0" tests="3" name="Default test" time="12.53" errors="0" timestamp="24 Jun 2025 05:55:26 GMT">
  <testcase classname="addFiles.DynamicJosn" name="addBook" time="11.561"/>
  <testcase classname="addFiles.DynamicJosn" name="addBook" time="0.455"/>
  <testcase classname="addFiles.DynamicJosn" name="addBook" time="0.395"/>
</testsuite> <!-- Default test -->
