<?xml version="1.0" encoding="UTF-8"?>
<testng-results total="3" passed="3" failed="0" skipped="0">
  <reporter-output>
  </reporter-output>
  <suite started-at="2025-06-24T05:55:14Z" name="Default suite" finished-at="2025-06-24T05:55:26Z" duration-ms="12530">
    <groups>
    </groups>
    <test started-at="2025-06-24T05:55:14Z" name="Default test" finished-at="2025-06-24T05:55:26Z" duration-ms="12530">
      <class name="addFiles.DynamicJosn">
        <test-method signature="addBook(java.lang.String, java.lang.String)[pri:0, instance:addFiles.DynamicJosn@2a8448fa]" started-at="2025-06-24T11:25:14Z" name="addBook" data-provider="BooksData" finished-at="2025-06-24T11:25:25Z" duration-ms="11561" status="PASS">
          <params>
            <param index="0">
              <value>
                <![CDATA[kdiek]]>
              </value>
            </param>
            <param index="1">
              <value>
                <![CDATA[1256]]>
              </value>
            </param>
          </params>
          <reporter-output>
          </reporter-output>
        </test-method> <!-- addBook -->
        <test-method signature="addBook(java.lang.String, java.lang.String)[pri:0, instance:addFiles.DynamicJosn@2a8448fa]" started-at="2025-06-24T11:25:25Z" name="addBook" data-provider="BooksData" finished-at="2025-06-24T11:25:26Z" duration-ms="455" status="PASS">
          <params>
            <param index="0">
              <value>
                <![CDATA[dkiekd]]>
              </value>
            </param>
            <param index="1">
              <value>
                <![CDATA[45444]]>
              </value>
            </param>
          </params>
          <reporter-output>
          </reporter-output>
        </test-method> <!-- addBook -->
        <test-method signature="addBook(java.lang.String, java.lang.String)[pri:0, instance:addFiles.DynamicJosn@2a8448fa]" started-at="2025-06-24T11:25:26Z" name="addBook" data-provider="BooksData" finished-at="2025-06-24T11:25:26Z" duration-ms="395" status="PASS">
          <params>
            <param index="0">
              <value>
                <![CDATA[diek]]>
              </value>
            </param>
            <param index="1">
              <value>
                <![CDATA[1314]]>
              </value>
            </param>
          </params>
          <reporter-output>
          </reporter-output>
        </test-method> <!-- addBook -->
      </class> <!-- addFiles.DynamicJosn -->
    </test> <!-- Default test -->
  </suite> <!-- Default suite -->
</testng-results>
