<?xml version="1.0" encoding="UTF-8"?>
<!-- Generated by org.testng.reporters.JUnitReportReporter -->
<testsuite hostname="DESKTOP-NK5J02L" failures="0" tests="3" name="addFiles.DynamicJosn" time="12.411" errors="0" timestamp="24 Jun 2025 05:55:28 GMT">
  <testcase classname="addFiles.DynamicJosn" name="addBook" time="11.561"/>
  <testcase classname="addFiles.DynamicJosn" name="addBook" time="0.395"/>
  <testcase classname="addFiles.DynamicJosn" name="addBook" time="0.455"/>
</testsuite> <!-- addFiles.DynamicJosn -->
